 
****************************************
Report : area
Design : fir
Version: O-2018.06-SP4
Date   : Fri Nov  8 17:25:08 2019
****************************************

Library(s) Used:

    NangateOpenCellLibrary (File: /software/dk/nangate45/synopsys/NangateOpenCellLibrary_typical_ecsm_nowlm.db)

Number of ports:                         2649
Number of nets:                          8331
Number of cells:                         4852
Number of combinational cells:           4613
Number of sequential cells:               170
Number of macros/black boxes:               0
Number of buf/inv:                        581
Number of references:                      36

Combinational area:               9047.990060
Buf/Inv area:                      309.092003
Noncombinational area:             768.739972
Macro/Black Box area:                0.000000
Net Interconnect area:      undefined  (Wire load has zero net area)

Total cell area:                  9816.730033
Total area:                 undefined
1
