 
****************************************
Report : area
Design : fir_adv
Version: O-2018.06-SP4
Date   : Wed Nov 13 11:08:39 2019
****************************************

Library(s) Used:

    NangateOpenCellLibrary (File: /software/dk/nangate45/synopsys/NangateOpenCellLibrary_typical_ecsm_nowlm.db)

Number of ports:                        10569
Number of nets:                         30655
Number of cells:                        17655
Number of combinational cells:          15986
Number of sequential cells:              1400
Number of macros/black boxes:               0
Number of buf/inv:                       2884
Number of references:                      26

Combinational area:              29094.282230
Buf/Inv area:                     1539.608015
Noncombinational area:            6331.331770
Macro/Black Box area:                0.000000
Net Interconnect area:      undefined  (Wire load has zero net area)

Total cell area:                 35425.614000
Total area:                 undefined
1
